IQ-TREE multicore version 1.6.12 for Mac OS X 64-bit built Aug 15 2019
Developed by Bui Quang Minh, Nguyen Lam Tung, Olga Chernomor,
Heiko Schmidt, Dominik Schrempf, Michael Woodhams.

Host:    te806.wpa.dal.ca (AVX2, FMA3, 16 GB RAM)
Command: iqtree -nt 2 -s toy.subset1.aln -m LG+C10+G -mwopt -te toy.subset1.newick
Seed:    803083 (Using SPRNG - Scalable Parallel Random Number Generator)
Time:    Wed Aug  9 14:54:29 2023
Kernel:  AVX+FMA - 2 threads (8 CPU cores detected)

Reading alignment file toy.subset1.aln ... Fasta format detected
Alignment most likely contains protein sequences
Alignment has 10 sequences with 204 columns, 180 distinct patterns
99 parsimony-informative, 61 singleton sites, 44 constant sites
                 Gap/Ambiguity  Composition  p-value
   1  ASPFU_5_PE976      0.00%    passed     73.93%
   2  VITVI_12_PE338     0.00%    passed     69.25%
   3  POPLAR_PE45124     0.00%    passed     68.86%
   4  SCHPO_1_PE995      0.00%    passed     99.75%
   5  CHLRE_PE9852      16.18%    passed     99.69%
   6  VITVI_6_PE781      0.00%    passed    100.00%
   7  USMAY1_12_PE94     0.00%    passed     99.87%
   8  XENTR1655_1_PE4    0.00%    passed    100.00%
   9  SCHPO_3_PE763      0.00%    passed     99.62%
  10  CRNEO2_2_PE371     0.00%    passed     99.16%
****  TOTAL              1.62%  0 sequences failed composition chi2 test (p-value<5%; df=19)
Reading input tree file toy.subset1.newick ... rooted tree
Model LG+C10+G is alias for LG+POISSON+G+FMIX{C10pi1:1:0.1191344178,C10pi2:1:0.0874372456,C10pi3:1:0.1037105070,C10pi4:1:0.0922584809,C10pi5:1:0.1070492801,C10pi6:1:0.1329945166,C10pi7:1:0.0538028458,C10pi8:1:0.0691986212,C10pi9:1:0.1319937434,C10pi10:1:0.1024203429}+G
Converting rooted to unrooted tree...

NOTE: 12 MB RAM (0 GB) is required!
Estimate model parameters (epsilon = 0.010)
1. Initial log-likelihood: -3113.201
2. Current log-likelihood: -3033.983
3. Current log-likelihood: -3033.014
4. Current log-likelihood: -3032.922
5. Current log-likelihood: -3032.894
Optimal log-likelihood: -3032.880
Mixture weights: 0.037 0.362 0.014 0.108 0.145 0.090 0.119 0.069 0.056 0.000
Gamma shape alpha: 0.597
Parameters optimization took 5 rounds (0.338 sec)
WARNING: The mixture model might be overfitting because some mixture weights are estimated close to zero
BEST SCORE FOUND : -3032.880
Total tree length: 9.456

Total number of iterations: 0
CPU time used for tree search: 0.000 sec (0h:0m:0s)
Wall-clock time used for tree search: 0.000 sec (0h:0m:0s)
Total CPU time used: 0.667 sec (0h:0m:0s)
Total wall-clock time used: 0.353 sec (0h:0m:0s)

Analysis results written to: 
  IQ-TREE report:                toy.subset1.aln.iqtree
  Maximum-likelihood tree:       toy.subset1.aln.treefile
  Screen log file:               toy.subset1.aln.log

Date and Time: Wed Aug  9 14:54:30 2023
